<?xml version="1.0" encoding="UTF-8"?>
<!-- Generated by org.testng.reporters.JUnitReportReporter -->
<testsuite skipped="0" hostname="DESKTOP-GSE3O5J" name="test.MultipleTestCases" tests="6" failures="0" timestamp="07 Jun 2019 04:50:55 GMT" time="1.119" errors="0">
  <testcase name="verifyRadioButtonChecked" time="0.026" classname="test.MultipleTestCases"/>
  <testcase name="verifyRadioButtonChecked" time="0.029" classname="test.MultipleTestCases"/>
  <testcase name="verifySelectListType" time="0.317" classname="test.MultipleTestCases"/>
  <testcase name="verifyPromptMessage" time="0.235" classname="test.MultipleTestCases"/>
  <testcase name="verifySelectListType" time="0.299" classname="test.MultipleTestCases"/>
  <testcase name="verifyPromptMessage" time="0.213" classname="test.MultipleTestCases"/>
</testsuite> <!-- test.MultipleTestCases -->
