<?xml version="1.0" encoding="UTF-8"?>
<!-- Generated by org.testng.reporters.JUnitReportReporter -->
<testsuite skipped="0" hostname="DESKTOP-GSE3O5J" name="test.FlowOfTestNG" tests="5" failures="0" timestamp="07 Jun 2019 05:11:56 GMT" time="0.038" errors="0">
  <testcase name="method_d" time="0.008" classname="test.FlowOfTestNG"/>
  <testcase name="method_a" time="0.008" classname="test.FlowOfTestNG"/>
  <testcase name="method_b" time="0.008" classname="test.FlowOfTestNG"/>
  <testcase name="method_c" time="0.010" classname="test.FlowOfTestNG"/>
  <testcase name="method_a" time="0.004" classname="test.FlowOfTestNG"/>
</testsuite> <!-- test.FlowOfTestNG -->
